======================================================
  MSV Paper Figure Generation
  Project root:      /mnt/iusers01/fatpou01/compsci01/k09562zs/scratch/Multi_scale_vision
  Experiments root:  /mnt/iusers01/fatpou01/compsci01/k09562zs/scratch/Multi_scale_vision/experiments
  Results dir:       /mnt/iusers01/fatpou01/compsci01/k09562zs/scratch/Multi_scale_vision/results
  Epochs:            20 40 80
  Seed:              42
======================================================

Device: cuda
Experiments root: /mnt/iusers01/fatpou01/compsci01/k09562zs/scratch/Multi_scale_vision/experiments
Results dir:      /mnt/iusers01/fatpou01/compsci01/k09562zs/scratch/Multi_scale_vision/results
Epochs:           [20, 40, 80]
Seed:             42

============================================================
  Step 0 / 5 — evaluate.py → main_table.csv  (Tab. 1 in paper)
============================================================
  Tab. 1 (tab:main) -> /mnt/iusers01/fatpou01/compsci01/k09562zs/scratch/Multi_scale_vision/results/main_table.csv
  Found 14 seed runs across experiments.

============================================================
  Step 1 / 6 — Epoch metrics CSV  (Tab. 2 in paper)
============================================================
  Wrote: /mnt/iusers01/fatpou01/compsci01/k09562zs/scratch/Multi_scale_vision/results/epoch_metrics_raw.csv
  Wrote: /mnt/iusers01/fatpou01/compsci01/k09562zs/scratch/Multi_scale_vision/results/epoch_metrics_summary.csv

============================================================
  Step 2 / 6 — Static figures  (Fig. 2, 3, 4 in paper)
============================================================
  Fig. 2 (fig:main_bars) -> /mnt/iusers01/fatpou01/compsci01/k09562zs/scratch/Multi_scale_vision/results/final_accuracy_bar.png
  Fig. 2 (fig:main_bars) -> /mnt/iusers01/fatpou01/compsci01/k09562zs/scratch/Multi_scale_vision/results/macro_f1_bar.png
  Fig. 3 (fig:val_acc_learning_curves) -> /mnt/iusers01/fatpou01/compsci01/k09562zs/scratch/Multi_scale_vision/results/val_acc_learning_curves.png
  Fig. 4 (fig:accuracy_over_time) -> /mnt/iusers01/fatpou01/compsci01/k09562zs/scratch/Multi_scale_vision/results/accuracy_over_time.png

============================================================
  Step 3 / 6 — Epoch trajectory plots E4  (Fig. 5 in paper)
============================================================
UniversalEmbodiedCountingModel 初始化:
  视觉特征维度: 448
  时序隐藏维度: 256
  Joint维度: 2
  结构: Dual-stream LSTM + Stepwise Gated Fusion
创建简洁版具身计数模型
============================================================
=== 创建数据加载器 - RGB图像模式 ===
============================================================

[训练集配置]
加载数据: 946 样本
图像处理: RGB模式, 标准化: True

[验证集配置]
加载数据: 242 样本
图像处理: RGB模式, 标准化: True

============================================================
训练集: 946 样本, Batch shuffle: True
验证集: 242 样本
============================================================

  Fig. 5 (fig:e4_epoch_trajectories) -> /mnt/iusers01/fatpou01/compsci01/k09562zs/scratch/Multi_scale_vision/results/checkpoint_sample_steps_dual_stream_stepwise_fusion_seed_42_epoch_20.png
  CSV data -> /mnt/iusers01/fatpou01/compsci01/k09562zs/scratch/Multi_scale_vision/results/checkpoint_sample_steps_dual_stream_stepwise_fusion_seed_42_epoch_20.csv
UniversalEmbodiedCountingModel 初始化:
  视觉特征维度: 448
  时序隐藏维度: 256
  Joint维度: 2
  结构: Dual-stream LSTM + Stepwise Gated Fusion
创建简洁版具身计数模型
============================================================
=== 创建数据加载器 - RGB图像模式 ===
============================================================

[训练集配置]
加载数据: 946 样本
图像处理: RGB模式, 标准化: True

[验证集配置]
加载数据: 242 样本
图像处理: RGB模式, 标准化: True

============================================================
训练集: 946 样本, Batch shuffle: True
验证集: 242 样本
============================================================

  Fig. 5 (fig:e4_epoch_trajectories) -> /mnt/iusers01/fatpou01/compsci01/k09562zs/scratch/Multi_scale_vision/results/checkpoint_sample_steps_dual_stream_stepwise_fusion_seed_42_epoch_40.png
  CSV data -> /mnt/iusers01/fatpou01/compsci01/k09562zs/scratch/Multi_scale_vision/results/checkpoint_sample_steps_dual_stream_stepwise_fusion_seed_42_epoch_40.csv
UniversalEmbodiedCountingModel 初始化:
  视觉特征维度: 448
  时序隐藏维度: 256
  Joint维度: 2
  结构: Dual-stream LSTM + Stepwise Gated Fusion
创建简洁版具身计数模型
============================================================
=== 创建数据加载器 - RGB图像模式 ===
============================================================

[训练集配置]
加载数据: 946 样本
图像处理: RGB模式, 标准化: True

[验证集配置]
加载数据: 242 样本
图像处理: RGB模式, 标准化: True

============================================================
训练集: 946 样本, Batch shuffle: True
验证集: 242 样本
============================================================

  Fig. 5 (fig:e4_epoch_trajectories) -> /mnt/iusers01/fatpou01/compsci01/k09562zs/scratch/Multi_scale_vision/results/checkpoint_sample_steps_dual_stream_stepwise_fusion_seed_42_epoch_80.png
  CSV data -> /mnt/iusers01/fatpou01/compsci01/k09562zs/scratch/Multi_scale_vision/results/checkpoint_sample_steps_dual_stream_stepwise_fusion_seed_42_epoch_80.csv

============================================================
  Step 4 / 6 — Epoch confusion matrices  (Fig. 6 in paper)
============================================================
============================================================
=== 创建数据加载器 - RGB图像模式 ===
============================================================

[训练集配置]
加载数据: 946 样本
图像处理: RGB模式, 标准化: True

[验证集配置]
加载数据: 242 样本
图像处理: RGB模式, 标准化: True

============================================================
训练集: 946 样本, Batch shuffle: True
验证集: 242 样本
============================================================

  CM saved: /mnt/iusers01/fatpou01/compsci01/k09562zs/scratch/Multi_scale_vision/results/cm_visual_only_epoch_20.png
============================================================
=== 创建数据加载器 - RGB图像模式 ===
============================================================

[训练集配置]
加载数据: 946 样本
图像处理: RGB模式, 标准化: True

[验证集配置]
加载数据: 242 样本
图像处理: RGB模式, 标准化: True

============================================================
训练集: 946 样本, Batch shuffle: True
验证集: 242 样本
============================================================

  CM saved: /mnt/iusers01/fatpou01/compsci01/k09562zs/scratch/Multi_scale_vision/results/cm_visual_only_epoch_40.png
============================================================
=== 创建数据加载器 - RGB图像模式 ===
============================================================

[训练集配置]
加载数据: 946 样本
图像处理: RGB模式, 标准化: True

[验证集配置]
加载数据: 242 样本
图像处理: RGB模式, 标准化: True

============================================================
训练集: 946 样本, Batch shuffle: True
验证集: 242 样本
============================================================

  CM saved: /mnt/iusers01/fatpou01/compsci01/k09562zs/scratch/Multi_scale_vision/results/cm_visual_only_epoch_80.png
UniversalEmbodiedCountingModel 初始化:
  视觉特征维度: 448
  时序隐藏维度: 256
  Joint维度: 2
  结构: Dual-stream LSTM + Stepwise Gated Fusion
创建简洁版具身计数模型
============================================================
=== 创建数据加载器 - RGB图像模式 ===
============================================================

[训练集配置]
加载数据: 946 样本
图像处理: RGB模式, 标准化: True

[验证集配置]
加载数据: 242 样本
图像处理: RGB模式, 标准化: True

============================================================
训练集: 946 样本, Batch shuffle: True
验证集: 242 样本
============================================================

  CM saved: /mnt/iusers01/fatpou01/compsci01/k09562zs/scratch/Multi_scale_vision/results/cm_dual_stream_stepwise_fusion_epoch_20.png
UniversalEmbodiedCountingModel 初始化:
  视觉特征维度: 448
  时序隐藏维度: 256
  Joint维度: 2
  结构: Dual-stream LSTM + Stepwise Gated Fusion
创建简洁版具身计数模型
============================================================
=== 创建数据加载器 - RGB图像模式 ===
============================================================

[训练集配置]
加载数据: 946 样本
图像处理: RGB模式, 标准化: True

[验证集配置]
加载数据: 242 样本
图像处理: RGB模式, 标准化: True

============================================================
训练集: 946 样本, Batch shuffle: True
验证集: 242 样本
============================================================

  CM saved: /mnt/iusers01/fatpou01/compsci01/k09562zs/scratch/Multi_scale_vision/results/cm_dual_stream_stepwise_fusion_epoch_40.png
UniversalEmbodiedCountingModel 初始化:
  视觉特征维度: 448
  时序隐藏维度: 256
  Joint维度: 2
  结构: Dual-stream LSTM + Stepwise Gated Fusion
创建简洁版具身计数模型
============================================================
=== 创建数据加载器 - RGB图像模式 ===
============================================================

[训练集配置]
加载数据: 946 样本
图像处理: RGB模式, 标准化: True

[验证集配置]
加载数据: 242 样本
图像处理: RGB模式, 标准化: True

============================================================
训练集: 946 样本, Batch shuffle: True
验证集: 242 样本
============================================================

  CM saved: /mnt/iusers01/fatpou01/compsci01/k09562zs/scratch/Multi_scale_vision/results/cm_dual_stream_stepwise_fusion_epoch_80.png
  Fig. 6 (fig:confusion) -> /mnt/iusers01/fatpou01/compsci01/k09562zs/scratch/Multi_scale_vision/results/cm_visual_only_epoch_20.png
  Fig. 6 (fig:confusion) -> /mnt/iusers01/fatpou01/compsci01/k09562zs/scratch/Multi_scale_vision/results/cm_visual_only_epoch_40.png
  Fig. 6 (fig:confusion) -> /mnt/iusers01/fatpou01/compsci01/k09562zs/scratch/Multi_scale_vision/results/cm_visual_only_epoch_80.png
  Fig. 6 (fig:confusion) -> /mnt/iusers01/fatpou01/compsci01/k09562zs/scratch/Multi_scale_vision/results/cm_dual_stream_stepwise_fusion_epoch_20.png
  Fig. 6 (fig:confusion) -> /mnt/iusers01/fatpou01/compsci01/k09562zs/scratch/Multi_scale_vision/results/cm_dual_stream_stepwise_fusion_epoch_40.png
  Fig. 6 (fig:confusion) -> /mnt/iusers01/fatpou01/compsci01/k09562zs/scratch/Multi_scale_vision/results/cm_dual_stream_stepwise_fusion_epoch_80.png

============================================================
  Step 5 / 6 — Writing figure manifest
============================================================
  Manifest written: /mnt/iusers01/fatpou01/compsci01/k09562zs/scratch/Multi_scale_vision/results/figures_manifest.json
  Total PNGs: 13, Total CSVs: 7

All done. Figures are in: /mnt/iusers01/fatpou01/compsci01/k09562zs/scratch/Multi_scale_vision/results

Paper figure mapping summary:
  Fig. 2  (fig:main_bars)               <- final_accuracy_bar.png, macro_f1_bar.png
  Fig. 3  (fig:val_acc_learning_curves) <- val_acc_learning_curves.png
  Fig. 4  (fig:accuracy_over_time)      <- accuracy_over_time.png
  Fig. 5  (fig:e4_epoch_trajectories)   <- checkpoint_sample_steps_*_epoch_{20,40,80}.png
  Fig. 6  (fig:confusion)               <- cm_{visual_only,stepwise_fusion}_epoch_{20,40,80}.png
  Tab. 1  (tab:main)                    <- main_table.csv
  Tab. 2  (epoch analysis)              <- epoch_metrics_summary.csv

Done. Check /mnt/iusers01/fatpou01/compsci01/k09562zs/scratch/Multi_scale_vision/results for all figures.

Paper figure mapping:
  Fig. 2  final_accuracy_bar.png + macro_f1_bar.png
  Fig. 3  val_acc_learning_curves.png
  Fig. 4  accuracy_over_time.png
  Fig. 5  checkpoint_sample_steps_dual_stream_stepwise_fusion_seed_42_epoch_{20,40,80}.png
  Fig. 6  cm_visual_only_epoch_{20,40,80}.png + cm_stepwise_fusion_epoch_{20,40,80}.png
  Tab. 2  epoch_metrics_summary.csv
